Analysis & Synthesis report for projeto_final_logica
Mon Dec 13 20:26:45 2021
Quartus II 64-Bit Version 13.0.1 Build 232 06/12/2013 Service Pack 1 SJ Web Edition


---------------------
; Table of Contents ;
---------------------
  1. Legal Notice
  2. Analysis & Synthesis Summary
  3. Analysis & Synthesis Settings
  4. Parallel Compilation
  5. Analysis & Synthesis Source Files Read
  6. Analysis & Synthesis Resource Usage Summary
  7. Analysis & Synthesis Resource Utilization by Entity
  8. Analysis & Synthesis RAM Summary
  9. Analysis & Synthesis IP Cores Summary
 10. General Register Statistics
 11. Registers Packed Into Inferred Megafunctions
 12. Source assignments for sync_ram:inst5|altsyncram:ram_rtl_0|altsyncram_d941:auto_generated
 13. Source assignments for sync_ram:inst24|altsyncram:ram_rtl_0|altsyncram_d941:auto_generated
 14. Parameter Settings for User Entity Instance: lpm_counter3:inst23|lpm_counter:LPM_COUNTER_component
 15. Parameter Settings for User Entity Instance: lpm_counter2:inst14|lpm_counter:LPM_COUNTER_component
 16. Parameter Settings for Inferred Entity Instance: sync_ram:inst5|altsyncram:ram_rtl_0
 17. Parameter Settings for Inferred Entity Instance: sync_ram:inst24|altsyncram:ram_rtl_0
 18. altsyncram Parameter Settings by Entity Instance
 19. Elapsed Time Per Partition
 20. Analysis & Synthesis Messages



----------------
; Legal Notice ;
----------------
Copyright (C) 1991-2013 Altera Corporation
Your use of Altera Corporation's design tools, logic functions 
and other software and tools, and its AMPP partner logic 
functions, and any output files from any of the foregoing 
(including device programming or simulation files), and any 
associated documentation or information are expressly subject 
to the terms and conditions of the Altera Program License 
Subscription Agreement, Altera MegaCore Function License 
Agreement, or other applicable license agreement, including, 
without limitation, that your use is for the sole purpose of 
programming logic devices manufactured by Altera and sold by 
Altera or its authorized distributors.  Please refer to the 
applicable agreement for further details.



+--------------------------------------------------------------------------------------+
; Analysis & Synthesis Summary                                                         ;
+------------------------------------+-------------------------------------------------+
; Analysis & Synthesis Status        ; Successful - Mon Dec 13 20:26:45 2021           ;
; Quartus II 64-Bit Version          ; 13.0.1 Build 232 06/12/2013 SP 1 SJ Web Edition ;
; Revision Name                      ; projeto_final_logica                            ;
; Top-level Entity Name              ; projeto_final_forca_bruta                       ;
; Family                             ; Cyclone II                                      ;
; Total logic elements               ; 30                                              ;
;     Total combinational functions  ; 30                                              ;
;     Dedicated logic registers      ; 16                                              ;
; Total registers                    ; 16                                              ;
; Total pins                         ; 54                                              ;
; Total virtual pins                 ; 0                                               ;
; Total memory bits                  ; 4,096                                           ;
; Embedded Multiplier 9-bit elements ; 0                                               ;
; Total PLLs                         ; 0                                               ;
+------------------------------------+-------------------------------------------------+


+-------------------------------------------------------------------------------------------------------------------------------+
; Analysis & Synthesis Settings                                                                                                 ;
+----------------------------------------------------------------------------+---------------------------+----------------------+
; Option                                                                     ; Setting                   ; Default Value        ;
+----------------------------------------------------------------------------+---------------------------+----------------------+
; Device                                                                     ; EP2C20F484C7              ;                      ;
; Top-level entity name                                                      ; projeto_final_forca_bruta ; projeto_final_logica ;
; Family name                                                                ; Cyclone II                ; Cyclone IV GX        ;
; Use smart compilation                                                      ; Off                       ; Off                  ;
; Enable parallel Assembler and TimeQuest Timing Analyzer during compilation ; On                        ; On                   ;
; Enable compact report table                                                ; Off                       ; Off                  ;
; Restructure Multiplexers                                                   ; Auto                      ; Auto                 ;
; Create Debugging Nodes for IP Cores                                        ; Off                       ; Off                  ;
; Preserve fewer node names                                                  ; On                        ; On                   ;
; Disable OpenCore Plus hardware evaluation                                  ; Off                       ; Off                  ;
; Verilog Version                                                            ; Verilog_2001              ; Verilog_2001         ;
; VHDL Version                                                               ; VHDL_1993                 ; VHDL_1993            ;
; State Machine Processing                                                   ; Auto                      ; Auto                 ;
; Safe State Machine                                                         ; Off                       ; Off                  ;
; Extract Verilog State Machines                                             ; On                        ; On                   ;
; Extract VHDL State Machines                                                ; On                        ; On                   ;
; Ignore Verilog initial constructs                                          ; Off                       ; Off                  ;
; Iteration limit for constant Verilog loops                                 ; 5000                      ; 5000                 ;
; Iteration limit for non-constant Verilog loops                             ; 250                       ; 250                  ;
; Add Pass-Through Logic to Inferred RAMs                                    ; On                        ; On                   ;
; Infer RAMs from Raw Logic                                                  ; On                        ; On                   ;
; Parallel Synthesis                                                         ; On                        ; On                   ;
; DSP Block Balancing                                                        ; Auto                      ; Auto                 ;
; NOT Gate Push-Back                                                         ; On                        ; On                   ;
; Power-Up Don't Care                                                        ; On                        ; On                   ;
; Remove Redundant Logic Cells                                               ; Off                       ; Off                  ;
; Remove Duplicate Registers                                                 ; On                        ; On                   ;
; Ignore CARRY Buffers                                                       ; Off                       ; Off                  ;
; Ignore CASCADE Buffers                                                     ; Off                       ; Off                  ;
; Ignore GLOBAL Buffers                                                      ; Off                       ; Off                  ;
; Ignore ROW GLOBAL Buffers                                                  ; Off                       ; Off                  ;
; Ignore LCELL Buffers                                                       ; Off                       ; Off                  ;
; Ignore SOFT Buffers                                                        ; On                        ; On                   ;
; Limit AHDL Integers to 32 Bits                                             ; Off                       ; Off                  ;
; Optimization Technique                                                     ; Balanced                  ; Balanced             ;
; Carry Chain Length                                                         ; 70                        ; 70                   ;
; Auto Carry Chains                                                          ; On                        ; On                   ;
; Auto Open-Drain Pins                                                       ; On                        ; On                   ;
; Perform WYSIWYG Primitive Resynthesis                                      ; Off                       ; Off                  ;
; Auto ROM Replacement                                                       ; On                        ; On                   ;
; Auto RAM Replacement                                                       ; On                        ; On                   ;
; Auto Shift Register Replacement                                            ; Auto                      ; Auto                 ;
; Allow Shift Register Merging across Hierarchies                            ; Auto                      ; Auto                 ;
; Auto Clock Enable Replacement                                              ; On                        ; On                   ;
; Strict RAM Replacement                                                     ; Off                       ; Off                  ;
; Allow Synchronous Control Signals                                          ; On                        ; On                   ;
; Force Use of Synchronous Clear Signals                                     ; Off                       ; Off                  ;
; Auto RAM to Logic Cell Conversion                                          ; Off                       ; Off                  ;
; Auto Resource Sharing                                                      ; Off                       ; Off                  ;
; Allow Any RAM Size For Recognition                                         ; Off                       ; Off                  ;
; Allow Any ROM Size For Recognition                                         ; Off                       ; Off                  ;
; Allow Any Shift Register Size For Recognition                              ; Off                       ; Off                  ;
; Use LogicLock Constraints during Resource Balancing                        ; On                        ; On                   ;
; Ignore translate_off and synthesis_off directives                          ; Off                       ; Off                  ;
; Timing-Driven Synthesis                                                    ; Off                       ; Off                  ;
; Report Parameter Settings                                                  ; On                        ; On                   ;
; Report Source Assignments                                                  ; On                        ; On                   ;
; Report Connectivity Checks                                                 ; On                        ; On                   ;
; Ignore Maximum Fan-Out Assignments                                         ; Off                       ; Off                  ;
; Synchronization Register Chain Length                                      ; 2                         ; 2                    ;
; PowerPlay Power Optimization                                               ; Normal compilation        ; Normal compilation   ;
; HDL message level                                                          ; Level2                    ; Level2               ;
; Suppress Register Optimization Related Messages                            ; Off                       ; Off                  ;
; Number of Removed Registers Reported in Synthesis Report                   ; 5000                      ; 5000                 ;
; Number of Swept Nodes Reported in Synthesis Report                         ; 5000                      ; 5000                 ;
; Number of Inverted Registers Reported in Synthesis Report                  ; 100                       ; 100                  ;
; Clock MUX Protection                                                       ; On                        ; On                   ;
; Auto Gated Clock Conversion                                                ; Off                       ; Off                  ;
; Block Design Naming                                                        ; Auto                      ; Auto                 ;
; SDC constraint protection                                                  ; Off                       ; Off                  ;
; Synthesis Effort                                                           ; Auto                      ; Auto                 ;
; Shift Register Replacement - Allow Asynchronous Clear Signal               ; On                        ; On                   ;
; Pre-Mapping Resynthesis Optimization                                       ; Off                       ; Off                  ;
; Analysis & Synthesis Message Level                                         ; Medium                    ; Medium               ;
; Disable Register Merging Across Hierarchies                                ; Auto                      ; Auto                 ;
; Resource Aware Inference For Block RAM                                     ; On                        ; On                   ;
; Synthesis Seed                                                             ; 1                         ; 1                    ;
+----------------------------------------------------------------------------+---------------------------+----------------------+


Parallel compilation was disabled, but you have multiple processors available. Enable parallel compilation to reduce compilation time.
+-------------------------------------+
; Parallel Compilation                ;
+----------------------------+--------+
; Processors                 ; Number ;
+----------------------------+--------+
; Number detected on machine ; 4      ;
; Maximum allowed            ; 1      ;
+----------------------------+--------+


+-------------------------------------------------------------------------------------------------------------------------------------------------------------------------------+
; Analysis & Synthesis Source Files Read                                                                                                                                        ;
+----------------------------------+-----------------+------------------------------------+---------------------------------------------------------------------------+---------+
; File Name with User-Entered Path ; Used in Netlist ; File Type                          ; File Name with Absolute Path                                              ; Library ;
+----------------------------------+-----------------+------------------------------------+---------------------------------------------------------------------------+---------+
; sync_ram.vhd                     ; yes             ; User VHDL File                     ; C:/altera/13.0sp1/trabalhos/projeto_final/sync_ram.vhd                    ;         ;
; lpm_counter2.vhd                 ; yes             ; User Wizard-Generated File         ; C:/altera/13.0sp1/trabalhos/projeto_final/lpm_counter2.vhd                ;         ;
; projeto_final_forca_bruta.bdf    ; yes             ; User Block Diagram/Schematic File  ; C:/altera/13.0sp1/trabalhos/projeto_final/projeto_final_forca_bruta.bdf   ;         ;
; compare_numbers.vhd              ; yes             ; User VHDL File                     ; C:/altera/13.0sp1/trabalhos/projeto_final/compare_numbers.vhd             ;         ;
; selector.vhd                     ; yes             ; User VHDL File                     ; C:/altera/13.0sp1/trabalhos/projeto_final/selector.vhd                    ;         ;
; lpm_counter3.vhd                 ; yes             ; User Wizard-Generated File         ; C:/altera/13.0sp1/trabalhos/projeto_final/lpm_counter3.vhd                ;         ;
; lpm_counter.tdf                  ; yes             ; Megafunction                       ; c:/altera/13.0sp1/quartus/libraries/megafunctions/lpm_counter.tdf         ;         ;
; lpm_constant.inc                 ; yes             ; Megafunction                       ; c:/altera/13.0sp1/quartus/libraries/megafunctions/lpm_constant.inc        ;         ;
; lpm_decode.inc                   ; yes             ; Megafunction                       ; c:/altera/13.0sp1/quartus/libraries/megafunctions/lpm_decode.inc          ;         ;
; lpm_add_sub.inc                  ; yes             ; Megafunction                       ; c:/altera/13.0sp1/quartus/libraries/megafunctions/lpm_add_sub.inc         ;         ;
; cmpconst.inc                     ; yes             ; Megafunction                       ; c:/altera/13.0sp1/quartus/libraries/megafunctions/cmpconst.inc            ;         ;
; lpm_compare.inc                  ; yes             ; Megafunction                       ; c:/altera/13.0sp1/quartus/libraries/megafunctions/lpm_compare.inc         ;         ;
; lpm_counter.inc                  ; yes             ; Megafunction                       ; c:/altera/13.0sp1/quartus/libraries/megafunctions/lpm_counter.inc         ;         ;
; dffeea.inc                       ; yes             ; Megafunction                       ; c:/altera/13.0sp1/quartus/libraries/megafunctions/dffeea.inc              ;         ;
; alt_counter_stratix.inc          ; yes             ; Megafunction                       ; c:/altera/13.0sp1/quartus/libraries/megafunctions/alt_counter_stratix.inc ;         ;
; aglobal130.inc                   ; yes             ; Megafunction                       ; c:/altera/13.0sp1/quartus/libraries/megafunctions/aglobal130.inc          ;         ;
; db/cntr_u2i.tdf                  ; yes             ; Auto-Generated Megafunction        ; C:/altera/13.0sp1/trabalhos/projeto_final/db/cntr_u2i.tdf                 ;         ;
; db/cntr_g3i.tdf                  ; yes             ; Auto-Generated Megafunction        ; C:/altera/13.0sp1/trabalhos/projeto_final/db/cntr_g3i.tdf                 ;         ;
; altsyncram.tdf                   ; yes             ; Megafunction                       ; c:/altera/13.0sp1/quartus/libraries/megafunctions/altsyncram.tdf          ;         ;
; stratix_ram_block.inc            ; yes             ; Megafunction                       ; c:/altera/13.0sp1/quartus/libraries/megafunctions/stratix_ram_block.inc   ;         ;
; lpm_mux.inc                      ; yes             ; Megafunction                       ; c:/altera/13.0sp1/quartus/libraries/megafunctions/lpm_mux.inc             ;         ;
; a_rdenreg.inc                    ; yes             ; Megafunction                       ; c:/altera/13.0sp1/quartus/libraries/megafunctions/a_rdenreg.inc           ;         ;
; altrom.inc                       ; yes             ; Megafunction                       ; c:/altera/13.0sp1/quartus/libraries/megafunctions/altrom.inc              ;         ;
; altram.inc                       ; yes             ; Megafunction                       ; c:/altera/13.0sp1/quartus/libraries/megafunctions/altram.inc              ;         ;
; altdpram.inc                     ; yes             ; Megafunction                       ; c:/altera/13.0sp1/quartus/libraries/megafunctions/altdpram.inc            ;         ;
; db/altsyncram_d941.tdf           ; yes             ; Auto-Generated Megafunction        ; C:/altera/13.0sp1/trabalhos/projeto_final/db/altsyncram_d941.tdf          ;         ;
+----------------------------------+-----------------+------------------------------------+---------------------------------------------------------------------------+---------+


+-----------------------------------------------------------------------------+
; Analysis & Synthesis Resource Usage Summary                                 ;
+---------------------------------------------+-------------------------------+
; Resource                                    ; Usage                         ;
+---------------------------------------------+-------------------------------+
; Estimated Total logic elements              ; 30                            ;
;                                             ;                               ;
; Total combinational functions               ; 30                            ;
; Logic element usage by number of LUT inputs ;                               ;
;     -- 4 input functions                    ; 5                             ;
;     -- 3 input functions                    ; 8                             ;
;     -- <=2 input functions                  ; 17                            ;
;                                             ;                               ;
; Logic elements by mode                      ;                               ;
;     -- normal mode                          ; 16                            ;
;     -- arithmetic mode                      ; 14                            ;
;                                             ;                               ;
; Total registers                             ; 16                            ;
;     -- Dedicated logic registers            ; 16                            ;
;     -- I/O registers                        ; 0                             ;
;                                             ;                               ;
; I/O pins                                    ; 54                            ;
; Total memory bits                           ; 4096                          ;
; Embedded Multiplier 9-bit elements          ; 0                             ;
; Maximum fan-out node                        ; compare_numbers:inst21|result ;
; Maximum fan-out                             ; 25                            ;
; Total fan-out                               ; 339                           ;
; Average fan-out                             ; 2.92                          ;
+---------------------------------------------+-------------------------------+


+---------------------------------------------------------------------------------------------------------------------------------------------------------------------------------------------------------------------------------------------------------------------------------+
; Analysis & Synthesis Resource Utilization by Entity                                                                                                                                                                                                                             ;
+-------------------------------------------+-------------------+--------------+-------------+--------------+---------+-----------+------+--------------+----------------------------------------------------------------------------------------------------------+--------------+
; Compilation Hierarchy Node                ; LC Combinationals ; LC Registers ; Memory Bits ; DSP Elements ; DSP 9x9 ; DSP 18x18 ; Pins ; Virtual Pins ; Full Hierarchy Name                                                                                      ; Library Name ;
+-------------------------------------------+-------------------+--------------+-------------+--------------+---------+-----------+------+--------------+----------------------------------------------------------------------------------------------------------+--------------+
; |projeto_final_forca_bruta                ; 30 (1)            ; 16 (0)       ; 4096        ; 0            ; 0       ; 0         ; 54   ; 0            ; |projeto_final_forca_bruta                                                                               ; work         ;
;    |compare_numbers:inst21|               ; 5 (5)             ; 0 (0)        ; 0           ; 0            ; 0       ; 0         ; 0    ; 0            ; |projeto_final_forca_bruta|compare_numbers:inst21                                                        ; work         ;
;    |lpm_counter2:inst14|                  ; 8 (0)             ; 8 (0)        ; 0           ; 0            ; 0       ; 0         ; 0    ; 0            ; |projeto_final_forca_bruta|lpm_counter2:inst14                                                           ; work         ;
;       |lpm_counter:LPM_COUNTER_component| ; 8 (0)             ; 8 (0)        ; 0           ; 0            ; 0       ; 0         ; 0    ; 0            ; |projeto_final_forca_bruta|lpm_counter2:inst14|lpm_counter:LPM_COUNTER_component                         ; work         ;
;          |cntr_g3i:auto_generated|        ; 8 (8)             ; 8 (8)        ; 0           ; 0            ; 0       ; 0         ; 0    ; 0            ; |projeto_final_forca_bruta|lpm_counter2:inst14|lpm_counter:LPM_COUNTER_component|cntr_g3i:auto_generated ; work         ;
;    |lpm_counter3:inst23|                  ; 8 (0)             ; 8 (0)        ; 0           ; 0            ; 0       ; 0         ; 0    ; 0            ; |projeto_final_forca_bruta|lpm_counter3:inst23                                                           ; work         ;
;       |lpm_counter:LPM_COUNTER_component| ; 8 (0)             ; 8 (0)        ; 0           ; 0            ; 0       ; 0         ; 0    ; 0            ; |projeto_final_forca_bruta|lpm_counter3:inst23|lpm_counter:LPM_COUNTER_component                         ; work         ;
;          |cntr_u2i:auto_generated|        ; 8 (8)             ; 8 (8)        ; 0           ; 0            ; 0       ; 0         ; 0    ; 0            ; |projeto_final_forca_bruta|lpm_counter3:inst23|lpm_counter:LPM_COUNTER_component|cntr_u2i:auto_generated ; work         ;
;    |selector:inst|                        ; 8 (8)             ; 0 (0)        ; 0           ; 0            ; 0       ; 0         ; 0    ; 0            ; |projeto_final_forca_bruta|selector:inst                                                                 ; work         ;
;    |sync_ram:inst24|                      ; 0 (0)             ; 0 (0)        ; 2048        ; 0            ; 0       ; 0         ; 0    ; 0            ; |projeto_final_forca_bruta|sync_ram:inst24                                                               ; work         ;
;       |altsyncram:ram_rtl_0|              ; 0 (0)             ; 0 (0)        ; 2048        ; 0            ; 0       ; 0         ; 0    ; 0            ; |projeto_final_forca_bruta|sync_ram:inst24|altsyncram:ram_rtl_0                                          ; work         ;
;          |altsyncram_d941:auto_generated| ; 0 (0)             ; 0 (0)        ; 2048        ; 0            ; 0       ; 0         ; 0    ; 0            ; |projeto_final_forca_bruta|sync_ram:inst24|altsyncram:ram_rtl_0|altsyncram_d941:auto_generated           ; work         ;
;    |sync_ram:inst5|                       ; 0 (0)             ; 0 (0)        ; 2048        ; 0            ; 0       ; 0         ; 0    ; 0            ; |projeto_final_forca_bruta|sync_ram:inst5                                                                ; work         ;
;       |altsyncram:ram_rtl_0|              ; 0 (0)             ; 0 (0)        ; 2048        ; 0            ; 0       ; 0         ; 0    ; 0            ; |projeto_final_forca_bruta|sync_ram:inst5|altsyncram:ram_rtl_0                                           ; work         ;
;          |altsyncram_d941:auto_generated| ; 0 (0)             ; 0 (0)        ; 2048        ; 0            ; 0       ; 0         ; 0    ; 0            ; |projeto_final_forca_bruta|sync_ram:inst5|altsyncram:ram_rtl_0|altsyncram_d941:auto_generated            ; work         ;
+-------------------------------------------+-------------------+--------------+-------------+--------------+---------+-----------+------+--------------+----------------------------------------------------------------------------------------------------------+--------------+
Note: For table entries with two numbers listed, the numbers in parentheses indicate the number of resources of the given type used by the specific entity alone. The numbers listed outside of parentheses indicate the total resources of the given type used by the specific entity and all of its sub-entities in the hierarchy.


+-------------------------------------------------------------------------------------------------------------------------------------------------------------------------------+
; Analysis & Synthesis RAM Summary                                                                                                                                              ;
+--------------------------------------------------------------------------------+------+-------------+--------------+--------------+--------------+--------------+------+------+
; Name                                                                           ; Type ; Mode        ; Port A Depth ; Port A Width ; Port B Depth ; Port B Width ; Size ; MIF  ;
+--------------------------------------------------------------------------------+------+-------------+--------------+--------------+--------------+--------------+------+------+
; sync_ram:inst24|altsyncram:ram_rtl_0|altsyncram_d941:auto_generated|ALTSYNCRAM ; AUTO ; Single Port ; 256          ; 8            ; --           ; --           ; 2048 ; None ;
; sync_ram:inst5|altsyncram:ram_rtl_0|altsyncram_d941:auto_generated|ALTSYNCRAM  ; AUTO ; Single Port ; 256          ; 8            ; --           ; --           ; 2048 ; None ;
+--------------------------------------------------------------------------------+------+-------------+--------------+--------------+--------------+--------------+------+------+


+-----------------------------------------------------------------------------------------------------------------------------------------------------------------------------+
; Analysis & Synthesis IP Cores Summary                                                                                                                                       ;
+--------+--------------+---------+--------------+--------------+------------------------------------------------+------------------------------------------------------------+
; Vendor ; IP Core Name ; Version ; Release Date ; License Type ; Entity Instance                                ; IP Include File                                            ;
+--------+--------------+---------+--------------+--------------+------------------------------------------------+------------------------------------------------------------+
; Altera ; LPM_COUNTER  ; 13.0    ; N/A          ; N/A          ; |projeto_final_forca_bruta|lpm_counter2:inst14 ; C:/altera/13.0sp1/trabalhos/projeto_final/lpm_counter2.vhd ;
; Altera ; LPM_COUNTER  ; 13.0    ; N/A          ; N/A          ; |projeto_final_forca_bruta|lpm_counter3:inst23 ; C:/altera/13.0sp1/trabalhos/projeto_final/lpm_counter3.vhd ;
+--------+--------------+---------+--------------+--------------+------------------------------------------------+------------------------------------------------------------+


+------------------------------------------------------+
; General Register Statistics                          ;
+----------------------------------------------+-------+
; Statistic                                    ; Value ;
+----------------------------------------------+-------+
; Total registers                              ; 16    ;
; Number of registers using Synchronous Clear  ; 0     ;
; Number of registers using Synchronous Load   ; 8     ;
; Number of registers using Asynchronous Clear ; 8     ;
; Number of registers using Asynchronous Load  ; 0     ;
; Number of registers using Clock Enable       ; 0     ;
; Number of registers using Preset             ; 0     ;
+----------------------------------------------+-------+


+-----------------------------------------------------------------------+
; Registers Packed Into Inferred Megafunctions                          ;
+------------------------------------+---------------------------+------+
; Register Name                      ; Megafunction              ; Type ;
+------------------------------------+---------------------------+------+
; sync_ram:inst5|read_address[0..7]  ; sync_ram:inst5|ram_rtl_0  ; RAM  ;
; sync_ram:inst24|read_address[0..7] ; sync_ram:inst24|ram_rtl_0 ; RAM  ;
+------------------------------------+---------------------------+------+


+-------------------------------------------------------------------------------------------+
; Source assignments for sync_ram:inst5|altsyncram:ram_rtl_0|altsyncram_d941:auto_generated ;
+---------------------------------+--------------------+------+-----------------------------+
; Assignment                      ; Value              ; From ; To                          ;
+---------------------------------+--------------------+------+-----------------------------+
; OPTIMIZE_POWER_DURING_SYNTHESIS ; NORMAL_COMPILATION ; -    ; -                           ;
+---------------------------------+--------------------+------+-----------------------------+


+--------------------------------------------------------------------------------------------+
; Source assignments for sync_ram:inst24|altsyncram:ram_rtl_0|altsyncram_d941:auto_generated ;
+---------------------------------+--------------------+------+------------------------------+
; Assignment                      ; Value              ; From ; To                           ;
+---------------------------------+--------------------+------+------------------------------+
; OPTIMIZE_POWER_DURING_SYNTHESIS ; NORMAL_COMPILATION ; -    ; -                            ;
+---------------------------------+--------------------+------+------------------------------+


+----------------------------------------------------------------------------------------------------+
; Parameter Settings for User Entity Instance: lpm_counter3:inst23|lpm_counter:LPM_COUNTER_component ;
+------------------------+-------------+-------------------------------------------------------------+
; Parameter Name         ; Value       ; Type                                                        ;
+------------------------+-------------+-------------------------------------------------------------+
; AUTO_CARRY_CHAINS      ; ON          ; AUTO_CARRY                                                  ;
; IGNORE_CARRY_BUFFERS   ; OFF         ; IGNORE_CARRY                                                ;
; AUTO_CASCADE_CHAINS    ; ON          ; AUTO_CASCADE                                                ;
; IGNORE_CASCADE_BUFFERS ; OFF         ; IGNORE_CASCADE                                              ;
; LPM_WIDTH              ; 8           ; Signed Integer                                              ;
; LPM_DIRECTION          ; UP          ; Untyped                                                     ;
; LPM_MODULUS            ; 0           ; Untyped                                                     ;
; LPM_AVALUE             ; UNUSED      ; Untyped                                                     ;
; LPM_SVALUE             ; UNUSED      ; Untyped                                                     ;
; LPM_PORT_UPDOWN        ; PORT_UNUSED ; Untyped                                                     ;
; DEVICE_FAMILY          ; Cyclone II  ; Untyped                                                     ;
; CARRY_CHAIN            ; MANUAL      ; Untyped                                                     ;
; CARRY_CHAIN_LENGTH     ; 48          ; CARRY_CHAIN_LENGTH                                          ;
; NOT_GATE_PUSH_BACK     ; ON          ; NOT_GATE_PUSH_BACK                                          ;
; CARRY_CNT_EN           ; SMART       ; Untyped                                                     ;
; LABWIDE_SCLR           ; ON          ; Untyped                                                     ;
; USE_NEW_VERSION        ; TRUE        ; Untyped                                                     ;
; CBXI_PARAMETER         ; cntr_u2i    ; Untyped                                                     ;
+------------------------+-------------+-------------------------------------------------------------+
Note: In order to hide this table in the UI and the text report file, please set the "Show Parameter Settings in Synthesis Report" option in "Analysis and Synthesis Settings -> More Settings" to "Off".


+----------------------------------------------------------------------------------------------------+
; Parameter Settings for User Entity Instance: lpm_counter2:inst14|lpm_counter:LPM_COUNTER_component ;
+------------------------+-------------+-------------------------------------------------------------+
; Parameter Name         ; Value       ; Type                                                        ;
+------------------------+-------------+-------------------------------------------------------------+
; AUTO_CARRY_CHAINS      ; ON          ; AUTO_CARRY                                                  ;
; IGNORE_CARRY_BUFFERS   ; OFF         ; IGNORE_CARRY                                                ;
; AUTO_CASCADE_CHAINS    ; ON          ; AUTO_CASCADE                                                ;
; IGNORE_CASCADE_BUFFERS ; OFF         ; IGNORE_CASCADE                                              ;
; LPM_WIDTH              ; 8           ; Signed Integer                                              ;
; LPM_DIRECTION          ; UP          ; Untyped                                                     ;
; LPM_MODULUS            ; 0           ; Untyped                                                     ;
; LPM_AVALUE             ; UNUSED      ; Untyped                                                     ;
; LPM_SVALUE             ; UNUSED      ; Untyped                                                     ;
; LPM_PORT_UPDOWN        ; PORT_UNUSED ; Untyped                                                     ;
; DEVICE_FAMILY          ; Cyclone II  ; Untyped                                                     ;
; CARRY_CHAIN            ; MANUAL      ; Untyped                                                     ;
; CARRY_CHAIN_LENGTH     ; 48          ; CARRY_CHAIN_LENGTH                                          ;
; NOT_GATE_PUSH_BACK     ; ON          ; NOT_GATE_PUSH_BACK                                          ;
; CARRY_CNT_EN           ; SMART       ; Untyped                                                     ;
; LABWIDE_SCLR           ; ON          ; Untyped                                                     ;
; USE_NEW_VERSION        ; TRUE        ; Untyped                                                     ;
; CBXI_PARAMETER         ; cntr_g3i    ; Untyped                                                     ;
+------------------------+-------------+-------------------------------------------------------------+
Note: In order to hide this table in the UI and the text report file, please set the "Show Parameter Settings in Synthesis Report" option in "Analysis and Synthesis Settings -> More Settings" to "Off".


+--------------------------------------------------------------------------------------+
; Parameter Settings for Inferred Entity Instance: sync_ram:inst5|altsyncram:ram_rtl_0 ;
+------------------------------------+----------------------+--------------------------+
; Parameter Name                     ; Value                ; Type                     ;
+------------------------------------+----------------------+--------------------------+
; BYTE_SIZE_BLOCK                    ; 8                    ; Untyped                  ;
; AUTO_CARRY_CHAINS                  ; ON                   ; AUTO_CARRY               ;
; IGNORE_CARRY_BUFFERS               ; OFF                  ; IGNORE_CARRY             ;
; AUTO_CASCADE_CHAINS                ; ON                   ; AUTO_CASCADE             ;
; IGNORE_CASCADE_BUFFERS             ; OFF                  ; IGNORE_CASCADE           ;
; WIDTH_BYTEENA                      ; 1                    ; Untyped                  ;
; OPERATION_MODE                     ; SINGLE_PORT          ; Untyped                  ;
; WIDTH_A                            ; 8                    ; Untyped                  ;
; WIDTHAD_A                          ; 8                    ; Untyped                  ;
; NUMWORDS_A                         ; 256                  ; Untyped                  ;
; OUTDATA_REG_A                      ; UNREGISTERED         ; Untyped                  ;
; ADDRESS_ACLR_A                     ; NONE                 ; Untyped                  ;
; OUTDATA_ACLR_A                     ; NONE                 ; Untyped                  ;
; WRCONTROL_ACLR_A                   ; NONE                 ; Untyped                  ;
; INDATA_ACLR_A                      ; NONE                 ; Untyped                  ;
; BYTEENA_ACLR_A                     ; NONE                 ; Untyped                  ;
; WIDTH_B                            ; 1                    ; Untyped                  ;
; WIDTHAD_B                          ; 1                    ; Untyped                  ;
; NUMWORDS_B                         ; 1                    ; Untyped                  ;
; INDATA_REG_B                       ; CLOCK1               ; Untyped                  ;
; WRCONTROL_WRADDRESS_REG_B          ; CLOCK1               ; Untyped                  ;
; RDCONTROL_REG_B                    ; CLOCK1               ; Untyped                  ;
; ADDRESS_REG_B                      ; CLOCK1               ; Untyped                  ;
; OUTDATA_REG_B                      ; UNREGISTERED         ; Untyped                  ;
; BYTEENA_REG_B                      ; CLOCK1               ; Untyped                  ;
; INDATA_ACLR_B                      ; NONE                 ; Untyped                  ;
; WRCONTROL_ACLR_B                   ; NONE                 ; Untyped                  ;
; ADDRESS_ACLR_B                     ; NONE                 ; Untyped                  ;
; OUTDATA_ACLR_B                     ; NONE                 ; Untyped                  ;
; RDCONTROL_ACLR_B                   ; NONE                 ; Untyped                  ;
; BYTEENA_ACLR_B                     ; NONE                 ; Untyped                  ;
; WIDTH_BYTEENA_A                    ; 1                    ; Untyped                  ;
; WIDTH_BYTEENA_B                    ; 1                    ; Untyped                  ;
; RAM_BLOCK_TYPE                     ; AUTO                 ; Untyped                  ;
; BYTE_SIZE                          ; 8                    ; Untyped                  ;
; READ_DURING_WRITE_MODE_MIXED_PORTS ; DONT_CARE            ; Untyped                  ;
; READ_DURING_WRITE_MODE_PORT_A      ; NEW_DATA_NO_NBE_READ ; Untyped                  ;
; READ_DURING_WRITE_MODE_PORT_B      ; NEW_DATA_NO_NBE_READ ; Untyped                  ;
; INIT_FILE                          ; UNUSED               ; Untyped                  ;
; INIT_FILE_LAYOUT                   ; PORT_A               ; Untyped                  ;
; MAXIMUM_DEPTH                      ; 0                    ; Untyped                  ;
; CLOCK_ENABLE_INPUT_A               ; NORMAL               ; Untyped                  ;
; CLOCK_ENABLE_INPUT_B               ; NORMAL               ; Untyped                  ;
; CLOCK_ENABLE_OUTPUT_A              ; NORMAL               ; Untyped                  ;
; CLOCK_ENABLE_OUTPUT_B              ; NORMAL               ; Untyped                  ;
; CLOCK_ENABLE_CORE_A                ; USE_INPUT_CLKEN      ; Untyped                  ;
; CLOCK_ENABLE_CORE_B                ; USE_INPUT_CLKEN      ; Untyped                  ;
; ENABLE_ECC                         ; FALSE                ; Untyped                  ;
; ECC_PIPELINE_STAGE_ENABLED         ; FALSE                ; Untyped                  ;
; WIDTH_ECCSTATUS                    ; 3                    ; Untyped                  ;
; DEVICE_FAMILY                      ; Cyclone II           ; Untyped                  ;
; CBXI_PARAMETER                     ; altsyncram_d941      ; Untyped                  ;
+------------------------------------+----------------------+--------------------------+
Note: In order to hide this table in the UI and the text report file, please set the "Show Parameter Settings in Synthesis Report" option in "Analysis and Synthesis Settings -> More Settings" to "Off".


+---------------------------------------------------------------------------------------+
; Parameter Settings for Inferred Entity Instance: sync_ram:inst24|altsyncram:ram_rtl_0 ;
+------------------------------------+----------------------+---------------------------+
; Parameter Name                     ; Value                ; Type                      ;
+------------------------------------+----------------------+---------------------------+
; BYTE_SIZE_BLOCK                    ; 8                    ; Untyped                   ;
; AUTO_CARRY_CHAINS                  ; ON                   ; AUTO_CARRY                ;
; IGNORE_CARRY_BUFFERS               ; OFF                  ; IGNORE_CARRY              ;
; AUTO_CASCADE_CHAINS                ; ON                   ; AUTO_CASCADE              ;
; IGNORE_CASCADE_BUFFERS             ; OFF                  ; IGNORE_CASCADE            ;
; WIDTH_BYTEENA                      ; 1                    ; Untyped                   ;
; OPERATION_MODE                     ; SINGLE_PORT          ; Untyped                   ;
; WIDTH_A                            ; 8                    ; Untyped                   ;
; WIDTHAD_A                          ; 8                    ; Untyped                   ;
; NUMWORDS_A                         ; 256                  ; Untyped                   ;
; OUTDATA_REG_A                      ; UNREGISTERED         ; Untyped                   ;
; ADDRESS_ACLR_A                     ; NONE                 ; Untyped                   ;
; OUTDATA_ACLR_A                     ; NONE                 ; Untyped                   ;
; WRCONTROL_ACLR_A                   ; NONE                 ; Untyped                   ;
; INDATA_ACLR_A                      ; NONE                 ; Untyped                   ;
; BYTEENA_ACLR_A                     ; NONE                 ; Untyped                   ;
; WIDTH_B                            ; 1                    ; Untyped                   ;
; WIDTHAD_B                          ; 1                    ; Untyped                   ;
; NUMWORDS_B                         ; 1                    ; Untyped                   ;
; INDATA_REG_B                       ; CLOCK1               ; Untyped                   ;
; WRCONTROL_WRADDRESS_REG_B          ; CLOCK1               ; Untyped                   ;
; RDCONTROL_REG_B                    ; CLOCK1               ; Untyped                   ;
; ADDRESS_REG_B                      ; CLOCK1               ; Untyped                   ;
; OUTDATA_REG_B                      ; UNREGISTERED         ; Untyped                   ;
; BYTEENA_REG_B                      ; CLOCK1               ; Untyped                   ;
; INDATA_ACLR_B                      ; NONE                 ; Untyped                   ;
; WRCONTROL_ACLR_B                   ; NONE                 ; Untyped                   ;
; ADDRESS_ACLR_B                     ; NONE                 ; Untyped                   ;
; OUTDATA_ACLR_B                     ; NONE                 ; Untyped                   ;
; RDCONTROL_ACLR_B                   ; NONE                 ; Untyped                   ;
; BYTEENA_ACLR_B                     ; NONE                 ; Untyped                   ;
; WIDTH_BYTEENA_A                    ; 1                    ; Untyped                   ;
; WIDTH_BYTEENA_B                    ; 1                    ; Untyped                   ;
; RAM_BLOCK_TYPE                     ; AUTO                 ; Untyped                   ;
; BYTE_SIZE                          ; 8                    ; Untyped                   ;
; READ_DURING_WRITE_MODE_MIXED_PORTS ; DONT_CARE            ; Untyped                   ;
; READ_DURING_WRITE_MODE_PORT_A      ; NEW_DATA_NO_NBE_READ ; Untyped                   ;
; READ_DURING_WRITE_MODE_PORT_B      ; NEW_DATA_NO_NBE_READ ; Untyped                   ;
; INIT_FILE                          ; UNUSED               ; Untyped                   ;
; INIT_FILE_LAYOUT                   ; PORT_A               ; Untyped                   ;
; MAXIMUM_DEPTH                      ; 0                    ; Untyped                   ;
; CLOCK_ENABLE_INPUT_A               ; NORMAL               ; Untyped                   ;
; CLOCK_ENABLE_INPUT_B               ; NORMAL               ; Untyped                   ;
; CLOCK_ENABLE_OUTPUT_A              ; NORMAL               ; Untyped                   ;
; CLOCK_ENABLE_OUTPUT_B              ; NORMAL               ; Untyped                   ;
; CLOCK_ENABLE_CORE_A                ; USE_INPUT_CLKEN      ; Untyped                   ;
; CLOCK_ENABLE_CORE_B                ; USE_INPUT_CLKEN      ; Untyped                   ;
; ENABLE_ECC                         ; FALSE                ; Untyped                   ;
; ECC_PIPELINE_STAGE_ENABLED         ; FALSE                ; Untyped                   ;
; WIDTH_ECCSTATUS                    ; 3                    ; Untyped                   ;
; DEVICE_FAMILY                      ; Cyclone II           ; Untyped                   ;
; CBXI_PARAMETER                     ; altsyncram_d941      ; Untyped                   ;
+------------------------------------+----------------------+---------------------------+
Note: In order to hide this table in the UI and the text report file, please set the "Show Parameter Settings in Synthesis Report" option in "Analysis and Synthesis Settings -> More Settings" to "Off".


+----------------------------------------------------------------------------------+
; altsyncram Parameter Settings by Entity Instance                                 ;
+-------------------------------------------+--------------------------------------+
; Name                                      ; Value                                ;
+-------------------------------------------+--------------------------------------+
; Number of entity instances                ; 2                                    ;
; Entity Instance                           ; sync_ram:inst5|altsyncram:ram_rtl_0  ;
;     -- OPERATION_MODE                     ; SINGLE_PORT                          ;
;     -- WIDTH_A                            ; 8                                    ;
;     -- NUMWORDS_A                         ; 256                                  ;
;     -- OUTDATA_REG_A                      ; UNREGISTERED                         ;
;     -- WIDTH_B                            ; 1                                    ;
;     -- NUMWORDS_B                         ; 1                                    ;
;     -- ADDRESS_REG_B                      ; CLOCK1                               ;
;     -- OUTDATA_REG_B                      ; UNREGISTERED                         ;
;     -- RAM_BLOCK_TYPE                     ; AUTO                                 ;
;     -- READ_DURING_WRITE_MODE_MIXED_PORTS ; DONT_CARE                            ;
; Entity Instance                           ; sync_ram:inst24|altsyncram:ram_rtl_0 ;
;     -- OPERATION_MODE                     ; SINGLE_PORT                          ;
;     -- WIDTH_A                            ; 8                                    ;
;     -- NUMWORDS_A                         ; 256                                  ;
;     -- OUTDATA_REG_A                      ; UNREGISTERED                         ;
;     -- WIDTH_B                            ; 1                                    ;
;     -- NUMWORDS_B                         ; 1                                    ;
;     -- ADDRESS_REG_B                      ; CLOCK1                               ;
;     -- OUTDATA_REG_B                      ; UNREGISTERED                         ;
;     -- RAM_BLOCK_TYPE                     ; AUTO                                 ;
;     -- READ_DURING_WRITE_MODE_MIXED_PORTS ; DONT_CARE                            ;
+-------------------------------------------+--------------------------------------+


+-------------------------------+
; Elapsed Time Per Partition    ;
+----------------+--------------+
; Partition Name ; Elapsed Time ;
+----------------+--------------+
; Top            ; 00:00:00     ;
+----------------+--------------+


+-------------------------------+
; Analysis & Synthesis Messages ;
+-------------------------------+
Info: *******************************************************************
Info: Running Quartus II 64-Bit Analysis & Synthesis
    Info: Version 13.0.1 Build 232 06/12/2013 Service Pack 1 SJ Web Edition
    Info: Processing started: Mon Dec 13 20:26:42 2021
Info: Command: quartus_map --read_settings_files=on --write_settings_files=off projeto_final_logica -c projeto_final_logica
Warning (20028): Parallel compilation is not licensed and has been disabled
Info (12021): Found 2 design units, including 1 entities, in source file cryptography.vhd
    Info (12022): Found design unit 1: cryptography-crypto
    Info (12023): Found entity 1: cryptography
Info (12021): Found 2 design units, including 1 entities, in source file lpm_counter0.vhd
    Info (12022): Found design unit 1: lpm_counter0-SYN
    Info (12023): Found entity 1: lpm_counter0
Info (12021): Found 1 design units, including 1 entities, in source file projeto_final_logica.bdf
    Info (12023): Found entity 1: projeto_final_logica
Info (12021): Found 2 design units, including 1 entities, in source file sync_ram.vhd
    Info (12022): Found design unit 1: sync_ram-RTL
    Info (12023): Found entity 1: sync_ram
Info (12021): Found 2 design units, including 1 entities, in source file lpm_counter1.vhd
    Info (12022): Found design unit 1: lpm_counter1-SYN
    Info (12023): Found entity 1: lpm_counter1
Info (12021): Found 2 design units, including 1 entities, in source file lpm_counter2.vhd
    Info (12022): Found design unit 1: lpm_counter2-SYN
    Info (12023): Found entity 1: lpm_counter2
Info (12021): Found 2 design units, including 1 entities, in source file decryptography.vhd
    Info (12022): Found design unit 1: decryptography-decrypto
    Info (12023): Found entity 1: decryptography
Info (12021): Found 1 design units, including 1 entities, in source file projeto_final_descriptografia.bdf
    Info (12023): Found entity 1: projeto_final_descriptografia
Info (12021): Found 1 design units, including 1 entities, in source file projeto_final_forca_bruta.bdf
    Info (12023): Found entity 1: projeto_final_forca_bruta
Info (12021): Found 2 design units, including 1 entities, in source file compare_numbers.vhd
    Info (12022): Found design unit 1: compare_numbers-comparador
    Info (12023): Found entity 1: compare_numbers
Info (12021): Found 2 design units, including 1 entities, in source file selector.vhd
    Info (12022): Found design unit 1: selector-sel
    Info (12023): Found entity 1: selector
Info (12021): Found 2 design units, including 1 entities, in source file lpm_counter3.vhd
    Info (12022): Found design unit 1: lpm_counter3-SYN
    Info (12023): Found entity 1: lpm_counter3
Info (12127): Elaborating entity "projeto_final_forca_bruta" for the top level hierarchy
Info (12128): Elaborating entity "compare_numbers" for hierarchy "compare_numbers:inst21"
Warning (10492): VHDL Process Statement warning at compare_numbers.vhd(25): signal "value1" is read inside the Process Statement but isn't in the Process Statement's sensitivity list
Warning (10492): VHDL Process Statement warning at compare_numbers.vhd(25): signal "value2" is read inside the Process Statement but isn't in the Process Statement's sensitivity list
Info (12128): Elaborating entity "sync_ram" for hierarchy "sync_ram:inst24"
Info (12128): Elaborating entity "selector" for hierarchy "selector:inst"
Info (12128): Elaborating entity "lpm_counter3" for hierarchy "lpm_counter3:inst23"
Info (12128): Elaborating entity "lpm_counter" for hierarchy "lpm_counter3:inst23|lpm_counter:LPM_COUNTER_component"
Info (12130): Elaborated megafunction instantiation "lpm_counter3:inst23|lpm_counter:LPM_COUNTER_component"
Info (12133): Instantiated megafunction "lpm_counter3:inst23|lpm_counter:LPM_COUNTER_component" with the following parameter:
    Info (12134): Parameter "lpm_direction" = "UP"
    Info (12134): Parameter "lpm_port_updown" = "PORT_UNUSED"
    Info (12134): Parameter "lpm_type" = "LPM_COUNTER"
    Info (12134): Parameter "lpm_width" = "8"
Info (12021): Found 1 design units, including 1 entities, in source file db/cntr_u2i.tdf
    Info (12023): Found entity 1: cntr_u2i
Info (12128): Elaborating entity "cntr_u2i" for hierarchy "lpm_counter3:inst23|lpm_counter:LPM_COUNTER_component|cntr_u2i:auto_generated"
Info (12128): Elaborating entity "lpm_counter2" for hierarchy "lpm_counter2:inst14"
Info (12128): Elaborating entity "lpm_counter" for hierarchy "lpm_counter2:inst14|lpm_counter:LPM_COUNTER_component"
Info (12130): Elaborated megafunction instantiation "lpm_counter2:inst14|lpm_counter:LPM_COUNTER_component"
Info (12133): Instantiated megafunction "lpm_counter2:inst14|lpm_counter:LPM_COUNTER_component" with the following parameter:
    Info (12134): Parameter "lpm_direction" = "UP"
    Info (12134): Parameter "lpm_port_updown" = "PORT_UNUSED"
    Info (12134): Parameter "lpm_type" = "LPM_COUNTER"
    Info (12134): Parameter "lpm_width" = "8"
Info (12021): Found 1 design units, including 1 entities, in source file db/cntr_g3i.tdf
    Info (12023): Found entity 1: cntr_g3i
Info (12128): Elaborating entity "cntr_g3i" for hierarchy "lpm_counter2:inst14|lpm_counter:LPM_COUNTER_component|cntr_g3i:auto_generated"
Info (19000): Inferred 2 megafunctions from design logic
    Info (276029): Inferred altsyncram megafunction from the following design logic: "sync_ram:inst5|ram_rtl_0" 
        Info (286033): Parameter OPERATION_MODE set to SINGLE_PORT
        Info (286033): Parameter WIDTH_A set to 8
        Info (286033): Parameter WIDTHAD_A set to 8
        Info (286033): Parameter NUMWORDS_A set to 256
        Info (286033): Parameter OUTDATA_REG_A set to UNREGISTERED
        Info (286033): Parameter ADDRESS_ACLR_A set to NONE
        Info (286033): Parameter OUTDATA_ACLR_A set to NONE
        Info (286033): Parameter INDATA_ACLR_A set to NONE
        Info (286033): Parameter WRCONTROL_ACLR_A set to NONE
    Info (276029): Inferred altsyncram megafunction from the following design logic: "sync_ram:inst24|ram_rtl_0" 
        Info (286033): Parameter OPERATION_MODE set to SINGLE_PORT
        Info (286033): Parameter WIDTH_A set to 8
        Info (286033): Parameter WIDTHAD_A set to 8
        Info (286033): Parameter NUMWORDS_A set to 256
        Info (286033): Parameter OUTDATA_REG_A set to UNREGISTERED
        Info (286033): Parameter ADDRESS_ACLR_A set to NONE
        Info (286033): Parameter OUTDATA_ACLR_A set to NONE
        Info (286033): Parameter INDATA_ACLR_A set to NONE
        Info (286033): Parameter WRCONTROL_ACLR_A set to NONE
Info (12130): Elaborated megafunction instantiation "sync_ram:inst5|altsyncram:ram_rtl_0"
Info (12133): Instantiated megafunction "sync_ram:inst5|altsyncram:ram_rtl_0" with the following parameter:
    Info (12134): Parameter "OPERATION_MODE" = "SINGLE_PORT"
    Info (12134): Parameter "WIDTH_A" = "8"
    Info (12134): Parameter "WIDTHAD_A" = "8"
    Info (12134): Parameter "NUMWORDS_A" = "256"
    Info (12134): Parameter "OUTDATA_REG_A" = "UNREGISTERED"
    Info (12134): Parameter "ADDRESS_ACLR_A" = "NONE"
    Info (12134): Parameter "OUTDATA_ACLR_A" = "NONE"
    Info (12134): Parameter "INDATA_ACLR_A" = "NONE"
    Info (12134): Parameter "WRCONTROL_ACLR_A" = "NONE"
Info (12021): Found 1 design units, including 1 entities, in source file db/altsyncram_d941.tdf
    Info (12023): Found entity 1: altsyncram_d941
Info (16010): Generating hard_block partition "hard_block:auto_generated_inst"
    Info (16011): Adding 0 node(s), including 0 DDIO, 0 PLL, 0 transceiver and 0 LCELL
Info (21057): Implemented 100 device resources after synthesis - the final resource count might be different
    Info (21058): Implemented 21 input pins
    Info (21059): Implemented 33 output pins
    Info (21061): Implemented 30 logic cells
    Info (21064): Implemented 16 RAM segments
Info: Quartus II 64-Bit Analysis & Synthesis was successful. 0 errors, 3 warnings
    Info: Peak virtual memory: 4654 megabytes
    Info: Processing ended: Mon Dec 13 20:26:45 2021
    Info: Elapsed time: 00:00:03
    Info: Total CPU time (on all processors): 00:00:03


